<?xml version="1.0" encoding="UTF-8"?>
<!-- Generated by org.testng.reporters.JUnitReportReporter -->
<testsuite hostname="poorvid" failures="0" tests="1" name="udemyappium_1.firstTest" time="4.898" errors="0" timestamp="2021-06-28T16:24:09 IST" skipped="0">
  <testcase classname="udemyappium_1.firstTest" name="testCal" time="4.898"/>
  <system-out/>
</testsuite> <!-- udemyappium_1.firstTest -->
